[debug] [2024-03-03T11:57:53.491Z] ----------------------------------------------------------------------
[debug] [2024-03-03T11:57:53.495Z] Command:       C:\Program Files\nodejs\node.exe C:\Users\AWKWARDPY\AppData\Roaming\npm\node_modules\firebase-tools\lib\bin\firebase.js init
[debug] [2024-03-03T11:57:53.495Z] CLI Version:   13.4.0
[debug] [2024-03-03T11:57:53.495Z] Platform:      win32
[debug] [2024-03-03T11:57:53.496Z] Node Version:  v20.10.0
[debug] [2024-03-03T11:57:53.496Z] Time:          Sun Mar 03 2024 17:27:53 GMT+0530 (India Standard Time)
[debug] [2024-03-03T11:57:53.496Z] ----------------------------------------------------------------------
[debug] 
[debug] [2024-03-03T11:57:53.502Z] > command requires scopes: ["email","openid","https://www.googleapis.com/auth/cloudplatformprojects.readonly","https://www.googleapis.com/auth/firebase","https://www.googleapis.com/auth/cloud-platform"]
[debug] [2024-03-03T11:57:53.502Z] > authorizing via signed-in user (awkwardpyy@gmail.com)
[info] 
     ######## #### ########  ######## ########     ###     ######  ########
     ##        ##  ##     ## ##       ##     ##  ##   ##  ##       ##
     ######    ##  ########  ######   ########  #########  ######  ######
     ##        ##  ##    ##  ##       ##     ## ##     ##       ## ##
     ##       #### ##     ## ######## ########  ##     ##  ######  ########

You're about to initialize a Firebase project in this directory:

  C:\Users\AWKWARDPY\Desktop\kundan's

[info] 
=== Project Setup
[info] 
[info] First, let's associate this project directory with a Firebase project.
[info] You can create multiple project aliases by running firebase use --add, 
[info] but for now we'll just set up a default project.
[info] 
[debug] [2024-03-03T11:58:52.582Z] >>> [apiv2][query] GET https://firebase.googleapis.com/v1beta1/projects pageSize=100
[debug] [2024-03-03T11:58:54.087Z] <<< [apiv2][status] GET https://firebase.googleapis.com/v1beta1/projects 200
[debug] [2024-03-03T11:58:54.087Z] <<< [apiv2][body] GET https://firebase.googleapis.com/v1beta1/projects [omitted]
[info] i  Using project kundans-e7467 (kundans) 
[info] 
=== Hosting Setup
[debug] [2024-03-03T11:59:06.291Z] >>> [apiv2][query] GET https://firebase.googleapis.com/v1beta1/projects/kundans-e7467 [none]
[debug] [2024-03-03T11:59:07.079Z] <<< [apiv2][status] GET https://firebase.googleapis.com/v1beta1/projects/kundans-e7467 200
[debug] [2024-03-03T11:59:07.079Z] <<< [apiv2][body] GET https://firebase.googleapis.com/v1beta1/projects/kundans-e7467 {"projectId":"kundans-e7467","projectNumber":"623644006660","displayName":"kundans","name":"projects/kundans-e7467","resources":{"hostingSite":"kundans-e7467","realtimeDatabaseInstance":"kundans-e7467-default-rtdb","storageBucket":"kundans-e7467.appspot.com","locationId":"asia-south1"},"state":"ACTIVE","etag":"1_ad47028e-a413-41be-9891-f8ae7c67fbc4"}
[info] 
[info] Your public directory is the folder (relative to your project directory) that
[info] will contain Hosting assets to be uploaded with firebase deploy. If you
[info] have a build process for your assets, use your build's output directory.
[info] 
